<?xml version="1.0" encoding="UTF-8"?>
<!-- Generated by org.testng.reporters.JUnitReportReporter -->
<testsuite hostname="DESKTOP-BLSEQ2G" failures="0" tests="1" name="sweety.FirstTestngfile" time="0.035" errors="0" timestamp="2024-04-23T13:57:52 IST" skipped="0">
  <testcase classname="sweety.FirstTestngfile" name="verifyHomeTitle" time="0.035"/>
  <system-out/>
</testsuite> <!-- sweety.FirstTestngfile -->
